[04:50:27] [ServerMain/INFO]: [bootstrap] Running Java 21 (OpenJDK 64-Bit Server VM 21.0.9+10-Ubuntu-124.04; Ubuntu null) on Linux 6.8.0-1030-azure (amd64)
[04:50:27] [ServerMain/INFO]: [bootstrap] Loading Paper 1.21.8-6-main@782ce95 (2025-07-18T20:26:58Z) for Minecraft 1.21.8
[04:50:27] [ServerMain/INFO]: [PluginInitializerManager] Initializing plugins...
[04:50:28] [ServerMain/INFO]: [PluginInitializerManager] Initialized 0 plugins
[04:50:28] [Paper Plugin Remapper Thread - 1/INFO]: [ReobfServer] Remapping server...
[04:50:44] [ServerMain/INFO]: Environment: Environment[sessionHost=https://sessionserver.mojang.com, servicesHost=https://api.minecraftservices.com, name=PROD]
[04:50:44] [ServerMain/INFO]: Found new data pack file/bukkit, loading it automatically
[04:50:44] [ServerMain/INFO]: Found new data pack paper, loading it automatically
[04:50:46] [ServerMain/INFO]: No existing world data, creating new world
[04:50:46] [Paper Plugin Remapper Thread - 1/INFO]: [ReobfServer] Done remapping server in 17877ms.
[04:50:48] [ServerMain/INFO]: Loaded 1407 recipes
[04:50:48] [ServerMain/INFO]: Loaded 1520 advancements
[04:50:48] [ServerMain/INFO]: [ca.spottedleaf.dataconverter.minecraft.datatypes.MCTypeRegistry] Initialising converters for DataConverter...
[04:50:49] [ServerMain/INFO]: [ca.spottedleaf.dataconverter.minecraft.datatypes.MCTypeRegistry] Finished initialising converters for DataConverter in 767.4ms
[04:50:49] [Server thread/INFO]: Starting minecraft server version 1.21.8
[04:50:49] [Server thread/INFO]: Loading properties
[04:50:49] [Server thread/INFO]: This server is running Paper version 1.21.8-6-main@782ce95 (2025-07-18T20:26:58Z) (Implementing API version 1.21.8-R0.1-SNAPSHOT)
[04:50:49] [Server thread/INFO]: [spark] This server bundles the spark profiler. For more information please visit https://docs.papermc.io/paper/profiling
[04:50:49] [Server thread/INFO]: Server Ping Player Sample Count: 12
[04:50:49] [Server thread/INFO]: Using 4 threads for Netty based IO
[04:50:50] [Server thread/INFO]: [MoonriseCommon] Paper is using 1 worker threads, 1 I/O threads
[04:50:50] [Server thread/INFO]: [ChunkTaskScheduler] Chunk system is using population gen parallelism: true
[04:50:51] [Server thread/INFO]: Default game type: SURVIVAL
[04:50:51] [Server thread/INFO]: Generating keypair
[04:50:51] [Server thread/INFO]: Starting Minecraft server on *:25565
[04:50:51] [Server thread/INFO]: Using epoll channel type
[04:50:51] [Server thread/INFO]: Paper: Using libdeflate (Linux x86_64) compression from Velocity.
[04:50:51] [Server thread/INFO]: Paper: Using OpenSSL 3.x.x (Linux x86_64) cipher from Velocity.
[04:50:51] [Server thread/WARN]: **** SERVER IS RUNNING IN OFFLINE/INSECURE MODE!
[04:50:51] [Server thread/WARN]: The server will make no attempt to authenticate usernames. Beware.
[04:50:51] [Server thread/WARN]: While this makes the game possible to play without internet access, it also opens up the ability for hackers to connect with any username they choose.
[04:50:51] [Server thread/WARN]: To change this, set "online-mode" to "true" in the server.properties file.
[04:50:51] [Server thread/INFO]: Preparing level "world"
[04:51:06] [Server thread/INFO]: Preparing start region for dimension minecraft:overworld
[04:51:07] [Server thread/INFO]: Preparing spawn area: 0%
[04:51:07] [Server thread/INFO]: Preparing spawn area: 2%
[04:51:08] [Server thread/INFO]: Preparing spawn area: 2%
[04:51:08] [Server thread/INFO]: Preparing spawn area: 2%
[04:51:09] [Server thread/INFO]: Preparing spawn area: 2%
[04:51:09] [Server thread/INFO]: Preparing spawn area: 2%
[04:51:10] [Server thread/INFO]: Preparing spawn area: 8%
[04:51:10] [Server thread/INFO]: Preparing spawn area: 16%
[04:51:11] [Server thread/INFO]: Preparing spawn area: 18%
[04:51:11] [Server thread/INFO]: Preparing spawn area: 18%
[04:51:12] [Server thread/INFO]: Preparing spawn area: 18%
[04:51:12] [Server thread/INFO]: Preparing spawn area: 18%
[04:51:13] [Server thread/INFO]: Preparing spawn area: 18%
[04:51:13] [Server thread/INFO]: Preparing spawn area: 18%
[04:51:14] [Server thread/INFO]: Preparing spawn area: 18%
[04:51:14] [Server thread/INFO]: Preparing spawn area: 51%
[04:51:15] [Server thread/INFO]: Preparing spawn area: 51%
[04:51:15] [Server thread/INFO]: Preparing spawn area: 51%
[04:51:16] [Server thread/INFO]: Preparing spawn area: 51%
[04:51:16] [Server thread/INFO]: Preparing spawn area: 55%
[04:51:16] [Server thread/INFO]: Preparing spawn area: 83%
[04:51:17] [Server thread/INFO]: Time elapsed: 10027 ms
[04:51:17] [Server thread/INFO]: Preparing start region for dimension minecraft:the_nether
[04:51:17] [Server thread/INFO]: Preparing spawn area: 2%
[04:51:17] [Server thread/INFO]: Preparing spawn area: 2%
[04:51:18] [Server thread/INFO]: Preparing spawn area: 2%
[04:51:18] [Server thread/INFO]: Preparing spawn area: 18%
[04:51:19] [Server thread/INFO]: Preparing spawn area: 24%
[04:51:19] [Server thread/INFO]: Preparing spawn area: 38%
[04:51:20] [Server thread/INFO]: Preparing spawn area: 57%
[04:51:20] [Server thread/INFO]: Preparing spawn area: 73%
[04:51:20] [Server thread/INFO]: Time elapsed: 3786 ms
[04:51:20] [Server thread/INFO]: Preparing start region for dimension minecraft:the_end
[04:51:20] [Server thread/INFO]: Preparing spawn area: 2%
[04:51:21] [Server thread/INFO]: Preparing spawn area: 18%
[04:51:21] [Server thread/INFO]: Time elapsed: 948 ms
[04:51:21] [Server thread/INFO]: [spark] Starting background profiler...
[04:51:22] [Server thread/INFO]: Done preparing level "world" (30.848s)
[04:51:22] [Server thread/INFO]: Running delayed init tasks
[04:51:22] [Server thread/INFO]: Done (56.402s)! For help, type "help"
[04:51:22] [Server thread/INFO]: *************************************************************************************
[04:51:22] [Server thread/INFO]: This is the first time you're starting this server.
[04:51:22] [Server thread/INFO]: It's recommended you read our 'Getting Started' documentation for guidance.
[04:51:22] [Server thread/INFO]: View this and more helpful information here: https://docs.papermc.io/paper/next-steps
[04:51:22] [Server thread/INFO]: *************************************************************************************
[05:14:47] [Server thread/INFO]: Unknown or incomplete command, see below for error
sto<--[HERE]
[05:14:52] [Server thread/INFO]: Stopping the server
[05:14:53] [Server thread/INFO]: Stopping server
[05:14:53] [Server thread/INFO]: Saving players
[05:14:53] [Server thread/INFO]: Saving worlds
[05:14:53] [Server thread/INFO]: Saving chunks for level 'ServerLevel[world]'/minecraft:overworld
[05:14:53] [Server thread/INFO]: [ChunkHolderManager] Waiting 60s for chunk system to halt for world 'world'
[05:14:53] [Server thread/INFO]: [ChunkHolderManager] Halted chunk system for world 'world'
[05:14:53] [Server thread/INFO]: [ChunkHolderManager] Saving all chunkholders for world 'world'
[05:14:54] [Server thread/INFO]: [ChunkHolderManager] Saved 796 block chunks, 4 entity chunks, 0 poi chunks in world 'world' in 1.25s
[05:14:54] [Server thread/INFO]: [ChunkHolderManager] Waiting 60s for chunk I/O to halt for world 'world'
[05:14:54] [Server thread/INFO]: [ChunkHolderManager] Halted I/O scheduler for world 'world'
[05:14:54] [Server thread/INFO]: Saving chunks for level 'ServerLevel[world_nether]'/minecraft:the_nether
[05:14:54] [Server thread/INFO]: [ChunkHolderManager] Waiting 60s for chunk system to halt for world 'world_nether'
[05:14:54] [Server thread/INFO]: [ChunkHolderManager] Halted chunk system for world 'world_nether'
[05:14:54] [Server thread/INFO]: [ChunkHolderManager] Saving all chunkholders for world 'world_nether'
[05:14:55] [Server thread/INFO]: [ChunkHolderManager] Saved 794 block chunks, 1 entity chunks, 0 poi chunks in world 'world_nether' in 1.08s
[05:14:55] [Server thread/INFO]: [ChunkHolderManager] Waiting 60s for chunk I/O to halt for world 'world_nether'
[05:14:55] [Server thread/INFO]: [ChunkHolderManager] Halted I/O scheduler for world 'world_nether'
[05:14:55] [Server thread/INFO]: Saving chunks for level 'ServerLevel[world_the_end]'/minecraft:the_end
[05:14:55] [Server thread/INFO]: [ChunkHolderManager] Waiting 60s for chunk system to halt for world 'world_the_end'
[05:14:55] [Server thread/INFO]: [ChunkHolderManager] Halted chunk system for world 'world_the_end'
[05:14:55] [Server thread/INFO]: [ChunkHolderManager] Saving all chunkholders for world 'world_the_end'
[05:14:56] [Server thread/INFO]: [ChunkHolderManager] Saved 792 block chunks, 10 entity chunks, 0 poi chunks in world 'world_the_end' in 0.57s
[05:14:56] [Server thread/INFO]: [ChunkHolderManager] Waiting 60s for chunk I/O to halt for world 'world_the_end'
[05:14:56] [Server thread/INFO]: [ChunkHolderManager] Halted I/O scheduler for world 'world_the_end'
[05:14:56] [Server thread/INFO]: ThreadedAnvilChunkStorage (world): All chunks are saved
[05:14:56] [Server thread/INFO]: ThreadedAnvilChunkStorage (DIM-1): All chunks are saved
[05:14:56] [Server thread/INFO]: ThreadedAnvilChunkStorage (DIM1): All chunks are saved
[05:14:56] [Server thread/INFO]: ThreadedAnvilChunkStorage: All dimensions are saved
[05:14:56] [Server thread/INFO]: Waiting for all RegionFile I/O tasks to complete...
[05:14:56] [Server thread/INFO]: All RegionFile I/O tasks to complete
[05:14:56] [Server thread/INFO]: [MoonriseCommon] Awaiting termination of worker pool for up to 60s...
[05:14:56] [Server thread/INFO]: [MoonriseCommon] Awaiting termination of I/O pool for up to 60s...
